[INFO] --------------------
Beginning Segmentation
-------------------- at (2020-01-24 16:47:27,838)
[INFO] Lectures Downloaded! at (2020-01-24 16:47:27,838)
[INFO] 
Segmenting Video SCEE08007 with date and time: 2020-01-17T12:00Z secondary at (2020-01-24 16:47:27,838)
[INFO] starting video file thread... at (2020-01-24 16:47:27,838)
[INFO] Reading Frames at (2020-01-24 16:47:27,839)
[INFO] started reading frames... at (2020-01-24 16:47:27,861)
[INFO] Initialising Extracting Data at (2020-01-24 16:47:29,591)
[INFO] ------------------------------
Beginning Segmentation at (2020-01-24 16:48:18,863)
[INFO] Lectures Downloaded! at (2020-01-24 16:48:18,864)
[INFO] 
Segmenting Video SCEE08007 with date and time: 2020-01-17T12:00Z secondary at (2020-01-24 16:48:18,866)
[INFO] starting video file thread... at (2020-01-24 16:48:18,870)
[INFO] Reading Frames at (2020-01-24 16:48:18,873)
[INFO] started reading frames... at (2020-01-24 16:48:18,942)
[INFO] Initialising Extracting Data at (2020-01-24 16:48:20,792)
[INFO] ------------------------------
Beginning Segmentation at (2020-01-24 16:48:30,097)
[INFO] Lectures Downloaded! at (2020-01-24 16:48:30,097)
[INFO] 
Segmenting Video SCEE08007 with date and time: 2020-01-17T12:00Z secondary at (2020-01-24 16:48:30,097)
[INFO] starting video file thread... at (2020-01-24 16:48:30,097)
[INFO] Reading Frames at (2020-01-24 16:48:30,098)
[INFO] started reading frames... at (2020-01-24 16:48:30,124)
[INFO] Initialising Extracting Data at (2020-01-24 16:48:31,866)
[INFO] ------------------------------
Beginning Segmentation at (2020-01-24 16:49:13,362)
[INFO] Lectures Downloaded! at (2020-01-24 16:49:13,362)
[INFO] 
Segmenting Video SCEE08007 with date and time: 2020-01-17T12:00Z secondary at (2020-01-24 16:49:13,362)
[INFO] starting video file thread... at (2020-01-24 16:49:13,362)
[INFO] Reading Frames at (2020-01-24 16:49:13,362)
[INFO] started reading frames... at (2020-01-24 16:49:13,385)
[INFO] Initialising Extracting Data at (2020-01-24 16:49:15,125)
[INFO] ------------------------------
Beginning Segmentation at (2020-01-24 16:50:50,639)
[INFO] Lectures Downloaded! at (2020-01-24 16:50:50,640)
[INFO] 
Segmenting Video SCEE08007 with date and time: 2020-01-17T12:00Z secondary at (2020-01-24 16:50:50,640)
[INFO] starting video file thread... at (2020-01-24 16:50:50,640)
[INFO] Reading Frames at (2020-01-24 16:50:50,640)
[INFO] started reading frames... at (2020-01-24 16:50:50,663)
[INFO] Initialising Extracting Data at (2020-01-24 16:50:52,410)
[INFO] Initiaiting shutdown on read thread at (2020-01-24 17:01:59,339)
[INFO] elasped time: 672.65 at (2020-01-24 17:02:03,291)
[INFO] time taken: 670.874372959137 at (2020-01-24 17:02:03,291)
[INFO] approx. FPS: 0.00 at (2020-01-24 17:02:03,292)
[INFO] Final Time Stamp Dictionary: {'SCEE08007 1': 18150, 'SCEE08007 2': 19380} at (2020-01-24 17:02:03,292)
[INFO] Time Array: [605, 646, 657] at (2020-01-24 17:02:03,292)
[INFO] Creating Sub Clips... at (2020-01-24 17:02:03,292)
[INFO] Creating Sub Clips... at (2020-01-24 17:04:57,699)
[INFO] Final Time Stamp Dictionary: {} at (2020-01-24 17:04:57,699)
[INFO] ------------------------------
Beginning Segmentation at (2020-01-24 17:10:26,803)
[INFO] Downloading Lectures... at (2020-01-24 17:10:26,803)
[INFO] Courses Participating: {
name: Signals and Communications 2
code: SCEE08007
year: 2019-2020
organizer: James Hopgood
} at (2020-01-24 17:10:27,079)
[INFO] Downloading resource: 2019-2020/SCEE08007/2020-01-14T11.10.00.000Z/primary.mp4 at (2020-01-24 17:10:27,369)
[INFO] Downloading resource: 2019-2020/SCEE08007/2020-01-14T11.10.00.000Z/secondary.mp4 at (2020-01-24 17:10:27,379)
[INFO] Downloading resource: 2019-2020/SCEE08007/2020-01-17T11.10.00.000Z/primary.mp4 at (2020-01-24 17:10:27,390)
[INFO] Successfully Downloaded: SCEE08007 with date and time: 2020-01-17T11.10.00.000Z primary at (2020-01-24 17:10:37,430)
[INFO] Downloading resource: 2019-2020/SCEE08007/2020-01-17T11.10.00.000Z/secondary.mp4 at (2020-01-24 17:10:37,432)
[INFO] Successfully Downloaded: SCEE08007 with date and time: 2020-01-17T11.10.00.000Z secondary at (2020-01-24 17:10:42,778)
[INFO] Downloading resource: 2019-2020/SCEE08007/2020-01-21T11.10.00.000Z/primary.mp4 at (2020-01-24 17:10:42,780)
[INFO] Downloading resource: 2019-2020/SCEE08007/2020-01-21T11.10.00.000Z/secondary.mp4 at (2020-01-24 17:10:42,783)
[INFO] Duo Videos: [[SCEE08007 with date and time: 2020-01-17T11.10.00.000Z primary, SCEE08007 with date and time: 2020-01-17T11.10.00.000Z secondary]] at (2020-01-24 17:10:42,785)
[INFO] Lectures Downloaded! at (2020-01-24 17:10:42,785)
[INFO] 
Segmenting Video SCEE08007 with date and time: 2020-01-17T11.10.00.000Z primary at (2020-01-24 17:10:42,785)
[INFO] starting video file thread... at (2020-01-24 17:10:42,786)
[INFO] Reading Frames at (2020-01-24 17:10:42,786)
[INFO] started reading frames... at (2020-01-24 17:10:42,836)
[INFO] Initialising Extracting Data at (2020-01-24 17:10:44,582)
[INFO] Initiaiting shutdown on read thread at (2020-01-24 18:11:22,459)
[INFO] elasped time: 3644.25 at (2020-01-24 18:11:27,039)
[INFO] time taken: 3642.450377702713 at (2020-01-24 18:11:27,040)
[INFO] approx. FPS: 0.00 at (2020-01-24 18:11:27,040)
[INFO] 
Segmenting Video SCEE08007 with date and time: 2020-01-17T11.10.00.000Z secondary at (2020-01-24 18:11:27,040)
[INFO] starting video file thread... at (2020-01-24 18:11:27,041)
[INFO] Reading Frames at (2020-01-24 18:11:27,041)
[INFO] started reading frames... at (2020-01-24 18:11:27,080)
[INFO] Initialising Extracting Data at (2020-01-24 18:11:28,840)
[INFO] Initiaiting shutdown on read thread at (2020-01-24 19:02:38,867)
[INFO] elasped time: 3077.48 at (2020-01-24 19:02:44,522)
[INFO] time taken: 3075.6761009693146 at (2020-01-24 19:02:44,524)
[INFO] approx. FPS: 0.00 at (2020-01-24 19:02:44,525)
[INFO] Final Time Stamp Dictionary: {'SCEE08007 1': 19943, 'SCEE08007 2': 65343, 'SCEE08007 3': 39187, 'SCEE08007 4': 57795} at (2020-01-24 19:02:44,526)
[INFO] Time Array: [665, 2179, 1307, 1928, 3013] at (2020-01-24 19:02:44,527)
[INFO] Creating Sub Clips... at (2020-01-24 19:02:44,527)
[INFO] ------------------------------
Beginning Segmentation at (2020-01-25 19:09:40,676)
[INFO] Lectures Downloaded! at (2020-01-25 19:09:40,678)
[INFO] 
Segmenting Video SCEE08007 with date and time: 2020-01-17T12:00Z secondary at (2020-01-25 19:09:40,678)
[INFO] starting video file thread... at (2020-01-25 19:09:40,679)
[INFO] Reading Frames at (2020-01-25 19:09:40,679)
[INFO] started reading frames... at (2020-01-25 19:09:41,316)
[INFO] Initialising Extracting Data at (2020-01-25 19:09:43,027)
[INFO] Initiaiting shutdown on read thread at (2020-01-25 19:21:21,713)
[INFO] elasped time: 705.47 at (2020-01-25 19:21:26,151)
[INFO] time taken: 703.1175992488861 at (2020-01-25 19:21:26,151)
[INFO] approx. FPS: 0.00 at (2020-01-25 19:21:26,151)
[INFO] Final Time Stamp Dictionary: {'SCEE08007 1': 18150, 'SCEE08007 2': 19380} at (2020-01-25 19:21:26,151)
[INFO] Valid Dictionary: {'SCEE08007 1': 18150, 'SCEE08007 2': 19380} at (2020-01-25 19:21:26,152)
[INFO] Times Array: [605, 646, 657] at (2020-01-25 19:21:26,152)
[INFO] Time Array: [605, 646, 657] at (2020-01-25 19:21:26,152)
[INFO] Creating Sub Clips... at (2020-01-25 19:21:26,152)
[INFO] clip_duration: 657.43
times_array: [605, 646, 657] at (2020-01-25 19:21:26,762)
[ERROR] Trying to Segent video where this time: 605 is less than previous segmented time: 0 at (2020-01-25 19:21:26,762)
NoneType: None
[INFO] ------------------------------
Beginning Segmentation at (2020-01-25 19:24:17,749)
[INFO] Lectures Downloaded! at (2020-01-25 19:24:17,750)
[INFO] 
Segmenting Video SCEE08007 with date and time: 2020-01-17T12:00Z secondary at (2020-01-25 19:24:17,750)
[INFO] starting video file thread... at (2020-01-25 19:24:17,750)
[INFO] Reading Frames at (2020-01-25 19:24:17,750)
[INFO] started reading frames... at (2020-01-25 19:24:17,776)
[INFO] Initialising Extracting Data at (2020-01-25 19:24:19,571)
[INFO] Initiaiting shutdown on read thread at (2020-01-25 19:36:54,190)
[INFO] elasped time: 760.57 at (2020-01-25 19:36:58,316)
[INFO] time taken: 758.7379152774811 at (2020-01-25 19:36:58,316)
[INFO] approx. FPS: 0.00 at (2020-01-25 19:36:58,316)
[INFO] Final Time Stamp Dictionary: {'SCEE08007 1': 18150, 'SCEE08007 2': 19380} at (2020-01-25 19:36:58,316)
[INFO] Valid Dictionary: {'SCEE08007 1': 18150, 'SCEE08007 2': 19380} at (2020-01-25 19:36:58,317)
[INFO] Times Array: [605, 646, 657] at (2020-01-25 19:36:58,317)
[INFO] Time Array: [605, 646, 657] at (2020-01-25 19:36:58,318)
[INFO] Creating Sub Clips... at (2020-01-25 19:36:58,319)
[INFO] clip_duration: 657.43
times_array: [605, 646, 657] at (2020-01-25 19:36:58,478)
[INFO] Saving Video: /afs/inf.ed.ac.uk/user/s16/s1645821/Desktop/segmentation_git/Segmentation/Information/Videos/segmented_videos/SCEE08007/Topic_0_SCEE08007_2020_01_17T12:00Z_secondary.mp4 at (2020-01-25 19:39:35,841)
[INFO] Saving Video: /afs/inf.ed.ac.uk/user/s16/s1645821/Desktop/segmentation_git/Segmentation/Information/Videos/segmented_videos/SCEE08007/Topic_1_SCEE08007_2020_01_17T12:00Z_secondary.mp4 at (2020-01-25 19:39:47,645)
[INFO] Saving Video: /afs/inf.ed.ac.uk/user/s16/s1645821/Desktop/segmentation_git/Segmentation/Information/Videos/segmented_videos/SCEE08007/Topic_2_SCEE08007_2020_01_17T12:00Z_secondary.mp4 at (2020-01-25 19:39:50,588)
[INFO] Creating Sub Clips... at (2020-01-25 19:39:50,588)
[INFO] ------------------------------
Beginning Segmentation at (2020-01-25 20:38:45,831)
[INFO] Lectures Downloaded! at (2020-01-25 20:38:45,831)
[INFO] 
Segmenting Video SCEE08007 with date and time: 2020-01-17T12:00Z secondary at (2020-01-25 20:38:45,831)
[INFO] starting video file thread... at (2020-01-25 20:38:45,831)
[INFO] Reading Frames at (2020-01-25 20:38:45,831)
[INFO] started reading frames... at (2020-01-25 20:38:45,856)
[INFO] Initialising Extracting Data at (2020-01-25 20:38:47,597)
[INFO] ------------------------------
Beginning Segmentation at (2020-01-25 20:55:11,709)
[INFO] Lectures Downloaded! at (2020-01-25 20:55:11,711)
[INFO] 
Segmenting Video SCEE08007 with date and time: 2020-01-17T12:00Z secondary at (2020-01-25 20:55:11,711)
[INFO] starting video file thread... at (2020-01-25 20:55:11,711)
[INFO] Reading Frames at (2020-01-25 20:55:11,711)
[INFO] started reading frames... at (2020-01-25 20:55:11,737)
[INFO] Initialising Extracting Data at (2020-01-25 20:55:13,573)
[INFO] Initiaiting shutdown on read thread at (2020-01-25 21:09:03,828)
[INFO] elasped time: 838.07 at (2020-01-25 21:09:09,777)
[INFO] time taken: 836.1954901218414 at (2020-01-25 21:09:09,779)
[INFO] approx. FPS: 0.00 at (2020-01-25 21:09:09,779)
[INFO] Final Time Stamp Dictionary: {1: 18150, 2: 19380} at (2020-01-25 21:09:09,780)
[INFO] Valid Dictionary: {1: 18150, 2: 19380} at (2020-01-25 21:09:09,780)
[INFO] Times Array: [605, 646, 657] at (2020-01-25 21:09:09,781)
[INFO] Time Array: [605, 646, 657] at (2020-01-25 21:09:09,781)
[INFO] Creating Sub Clips... at (2020-01-25 21:09:09,781)
[INFO] clip_duration: 657.43
times_array: [605, 646, 657] at (2020-01-25 21:09:09,940)
[INFO] Saving Video: /afs/inf.ed.ac.uk/user/s16/s1645821/Desktop/segmentation_git/Segmentation/Information/Videos/segmented_videos/SCEE08007/Topic_0_SCEE08007_2020_01_17T12:00Z_secondary.mp4 at (2020-01-25 21:12:02,678)
[INFO] Saving Video: /afs/inf.ed.ac.uk/user/s16/s1645821/Desktop/segmentation_git/Segmentation/Information/Videos/segmented_videos/SCEE08007/Topic_1_SCEE08007_2020_01_17T12:00Z_secondary.mp4 at (2020-01-25 21:12:15,627)
[INFO] Saving Video: /afs/inf.ed.ac.uk/user/s16/s1645821/Desktop/segmentation_git/Segmentation/Information/Videos/segmented_videos/SCEE08007/Topic_2_SCEE08007_2020_01_17T12:00Z_secondary.mp4 at (2020-01-25 21:12:18,490)
[INFO] Creating Sub Clips... at (2020-01-25 21:12:18,491)
[INFO] ------------------------------
Beginning Segmentation at (2020-01-25 21:12:36,775)
[INFO] Downloading Lectures... at (2020-01-25 21:12:36,775)
[INFO] Courses Participating: {
name: Signals and Communications 2
code: SCEE08007
year: 2019-2020
organizer: James Hopgood
} at (2020-01-25 21:12:37,473)
[INFO] Downloading resource: 2019-2020/SCEE08007/2020-01-14T11.10.00.000Z/primary.mp4 at (2020-01-25 21:12:37,755)
[INFO] Downloading resource: 2019-2020/SCEE08007/2020-01-14T11.10.00.000Z/secondary.mp4 at (2020-01-25 21:12:37,762)
[INFO] Downloading resource: 2019-2020/SCEE08007/2020-01-17T11.10.00.000Z/primary.mp4 at (2020-01-25 21:12:37,770)
[ERROR] A html file is where a binary file (video or slides) should be. This probably means the cookies in 'cookies.txt' need updating. at (2020-01-25 21:12:37,837)
[INFO] ------------------------------
Beginning Segmentation at (2020-01-25 21:13:02,920)
[INFO] Downloading Lectures... at (2020-01-25 21:13:02,920)
[INFO] Courses Participating: {
name: Signals and Communications 2
code: SCEE08007
year: 2019-2020
organizer: James Hopgood
} at (2020-01-25 21:13:03,151)
[INFO] Downloading resource: 2019-2020/SCEE08007/2020-01-14T11.10.00.000Z/primary.mp4 at (2020-01-25 21:13:03,471)
[INFO] Downloading resource: 2019-2020/SCEE08007/2020-01-14T11.10.00.000Z/secondary.mp4 at (2020-01-25 21:13:03,478)
[INFO] Downloading resource: 2019-2020/SCEE08007/2020-01-17T11.10.00.000Z/primary.mp4 at (2020-01-25 21:13:03,486)
[INFO] Successfully Downloaded: SCEE08007 with date and time: 2020-01-17T11.10.00.000Z primary at (2020-01-25 21:13:15,648)
[INFO] Downloading resource: 2019-2020/SCEE08007/2020-01-17T11.10.00.000Z/secondary.mp4 at (2020-01-25 21:13:15,650)
[INFO] Successfully Downloaded: SCEE08007 with date and time: 2020-01-17T11.10.00.000Z secondary at (2020-01-25 21:13:21,895)
[INFO] Downloading resource: 2019-2020/SCEE08007/2020-01-21T11.10.00.000Z/primary.mp4 at (2020-01-25 21:13:21,898)
[INFO] Downloading resource: 2019-2020/SCEE08007/2020-01-21T11.10.00.000Z/secondary.mp4 at (2020-01-25 21:13:21,902)
[INFO] Downloading resource: 2019-2020/SCEE08007/2020-01-24T11.10.00.000Z/primary.mp4 at (2020-01-25 21:13:21,906)
[INFO] Successfully Downloaded: SCEE08007 with date and time: 2020-01-24T11.10.00.000Z primary at (2020-01-25 21:13:28,020)
[INFO] Downloading resource: 2019-2020/SCEE08007/2020-01-24T11.10.00.000Z/secondary.mp4 at (2020-01-25 21:13:28,022)
[INFO] ------------------------------
Beginning Segmentation at (2020-01-25 21:14:35,361)
[INFO] Downloading Lectures... at (2020-01-25 21:14:35,361)
[INFO] Courses Participating: {
name: Signals and Communications 2
code: SCEE08007
year: 2019-2020
organizer: James Hopgood
} at (2020-01-25 21:14:35,610)
[INFO] Downloading resource: 2019-2020/SCEE08007/2020-01-14T11.10.00.000Z/primary.mp4 at (2020-01-25 21:14:35,870)
[INFO] Downloading resource: 2019-2020/SCEE08007/2020-01-14T11.10.00.000Z/secondary.mp4 at (2020-01-25 21:14:35,877)
[INFO] Downloading resource: 2019-2020/SCEE08007/2020-01-17T11.10.00.000Z/primary.mp4 at (2020-01-25 21:14:35,884)
[INFO] Downloading resource: 2019-2020/SCEE08007/2020-01-17T11.10.00.000Z/secondary.mp4 at (2020-01-25 21:14:35,891)
[INFO] Downloading resource: 2019-2020/SCEE08007/2020-01-21T11.10.00.000Z/primary.mp4 at (2020-01-25 21:14:35,899)
[INFO] Downloading resource: 2019-2020/SCEE08007/2020-01-21T11.10.00.000Z/secondary.mp4 at (2020-01-25 21:14:35,904)
[INFO] Downloading resource: 2019-2020/SCEE08007/2020-01-24T11.10.00.000Z/primary.mp4 at (2020-01-25 21:14:35,909)
[INFO] Successfully Downloaded: SCEE08007 with date and time: 2020-01-24T11.10.00.000Z primary at (2020-01-25 21:14:41,292)
[INFO] Downloading resource: 2019-2020/SCEE08007/2020-01-24T11.10.00.000Z/secondary.mp4 at (2020-01-25 21:14:41,295)
[INFO] Successfully Downloaded: SCEE08007 with date and time: 2020-01-24T11.10.00.000Z secondary at (2020-01-25 21:14:53,573)
[INFO] Duo Videos: [[SCEE08007 with date and time: 2020-01-24T11.10.00.000Z primary, SCEE08007 with date and time: 2020-01-24T11.10.00.000Z secondary]] at (2020-01-25 21:14:53,573)
[INFO] Lectures Downloaded! at (2020-01-25 21:14:53,574)
[INFO] 
Segmenting Video SCEE08007 with date and time: 2020-01-24T11.10.00.000Z primary at (2020-01-25 21:14:53,574)
[INFO] starting video file thread... at (2020-01-25 21:14:53,574)
[INFO] Reading Frames at (2020-01-25 21:14:53,574)
[INFO] started reading frames... at (2020-01-25 21:14:53,620)
[INFO] Initialising Extracting Data at (2020-01-25 21:14:55,396)
[INFO] ------------------------------
Beginning Segmentation at (2020-01-25 21:15:54,333)
[INFO] Downloading Lectures... at (2020-01-25 21:15:54,333)
[INFO] Courses Participating: {
name: Signals and Communications 2
code: SCEE08007
year: 2019-2020
organizer: James Hopgood
} at (2020-01-25 21:15:54,585)
[INFO] Downloading resource: 2019-2020/SCEE08007/2020-01-14T11.10.00.000Z/primary.mp4 at (2020-01-25 21:15:54,857)
[INFO] Downloading resource: 2019-2020/SCEE08007/2020-01-14T11.10.00.000Z/secondary.mp4 at (2020-01-25 21:15:54,864)
[INFO] Downloading resource: 2019-2020/SCEE08007/2020-01-17T11.10.00.000Z/primary.mp4 at (2020-01-25 21:15:54,872)
[INFO] Successfully Downloaded: SCEE08007 with date and time: 2020-01-17T11.10.00.000Z primary at (2020-01-25 21:16:07,155)
[INFO] Downloading resource: 2019-2020/SCEE08007/2020-01-17T11.10.00.000Z/secondary.mp4 at (2020-01-25 21:16:07,159)
[INFO] ------------------------------
Beginning Segmentation at (2020-01-25 21:16:36,233)
[INFO] Downloading Lectures... at (2020-01-25 21:16:36,233)
[INFO] Courses Participating: {
name: Signals and Communications 2
code: SCEE08007
year: 2019-2020
organizer: James Hopgood
} at (2020-01-25 21:16:36,481)
[INFO] Downloading resource: 2019-2020/SCEE08007/2020-01-14T11.10.00.000Z/primary.mp4 at (2020-01-25 21:16:36,723)
[INFO] Downloading resource: 2019-2020/SCEE08007/2020-01-14T11.10.00.000Z/secondary.mp4 at (2020-01-25 21:16:36,727)
[INFO] Downloading resource: 2019-2020/SCEE08007/2020-01-17T11.10.00.000Z/primary.mp4 at (2020-01-25 21:16:36,731)
[INFO] Successfully Downloaded: SCEE08007 with date and time: 2020-01-17T11.10.00.000Z primary at (2020-01-25 21:16:46,860)
[INFO] Downloading resource: 2019-2020/SCEE08007/2020-01-17T11.10.00.000Z/secondary.mp4 at (2020-01-25 21:16:46,862)
[INFO] Successfully Downloaded: SCEE08007 with date and time: 2020-01-17T11.10.00.000Z secondary at (2020-01-25 21:16:53,395)
[INFO] Downloading resource: 2019-2020/SCEE08007/2020-01-21T11.10.00.000Z/primary.mp4 at (2020-01-25 21:16:53,398)
[INFO] Downloading resource: 2019-2020/SCEE08007/2020-01-21T11.10.00.000Z/secondary.mp4 at (2020-01-25 21:16:53,402)
[INFO] Downloading resource: 2019-2020/SCEE08007/2020-01-24T11.10.00.000Z/primary.mp4 at (2020-01-25 21:16:53,406)
[INFO] Successfully Downloaded: SCEE08007 with date and time: 2020-01-24T11.10.00.000Z primary at (2020-01-25 21:16:59,549)
[INFO] Downloading resource: 2019-2020/SCEE08007/2020-01-24T11.10.00.000Z/secondary.mp4 at (2020-01-25 21:16:59,551)
[INFO] Successfully Downloaded: SCEE08007 with date and time: 2020-01-24T11.10.00.000Z secondary at (2020-01-25 21:17:13,426)
[INFO] Duo Videos: [[SCEE08007 with date and time: 2020-01-17T11.10.00.000Z primary, SCEE08007 with date and time: 2020-01-17T11.10.00.000Z secondary], [SCEE08007 with date and time: 2020-01-24T11.10.00.000Z primary, SCEE08007 with date and time: 2020-01-24T11.10.00.000Z secondary]] at (2020-01-25 21:17:13,426)
[INFO] Lectures Downloaded! at (2020-01-25 21:17:13,426)
[INFO] 
Segmenting Video SCEE08007 with date and time: 2020-01-17T11.10.00.000Z primary at (2020-01-25 21:17:13,426)
[INFO] starting video file thread... at (2020-01-25 21:17:13,427)
[INFO] Reading Frames at (2020-01-25 21:17:13,427)
[INFO] started reading frames... at (2020-01-25 21:17:13,489)
[INFO] Initialising Extracting Data at (2020-01-25 21:17:15,250)
[INFO] Initiaiting shutdown on read thread at (2020-01-25 22:19:12,671)
[INFO] elasped time: 3724.37 at (2020-01-25 22:19:17,796)
[INFO] time taken: 3722.5401513576508 at (2020-01-25 22:19:17,797)
[INFO] approx. FPS: 0.00 at (2020-01-25 22:19:17,797)
[INFO] 
Segmenting Video SCEE08007 with date and time: 2020-01-17T11.10.00.000Z secondary at (2020-01-25 22:19:17,797)
[INFO] starting video file thread... at (2020-01-25 22:19:17,798)
[INFO] Reading Frames at (2020-01-25 22:19:17,798)
[INFO] started reading frames... at (2020-01-25 22:19:17,832)
[INFO] Initialising Extracting Data at (2020-01-25 22:19:19,526)
[INFO] Initiaiting shutdown on read thread at (2020-01-25 23:11:59,004)
[INFO] elasped time: 3167.41 at (2020-01-25 23:12:05,209)
[INFO] time taken: 3165.6752128601074 at (2020-01-25 23:12:05,209)
[INFO] approx. FPS: 0.00 at (2020-01-25 23:12:05,209)
[INFO] Final Time Stamp Dictionary: {1: 25804, 2: 65343, 3: 39187, 4: 57795} at (2020-01-25 23:12:05,209)
[INFO] Valid Dictionary: {1: 25804, 2: 65343} at (2020-01-25 23:12:05,213)
[INFO] Times Array: [860, 2179, 3013] at (2020-01-25 23:12:05,213)
[INFO] Time Array: [860, 2179, 3013] at (2020-01-25 23:12:05,213)
[INFO] Creating Sub Clips... at (2020-01-25 23:12:05,213)
[INFO] clip_duration: 3011.29
times_array: [860, 2179, 3011] at (2020-01-25 23:12:05,499)
[INFO] Saving Video: /afs/inf.ed.ac.uk/user/s16/s1645821/Desktop/segmentation_git/Segmentation/Information/Videos/segmented_videos/SCEE08007/Topic_0_SCEE08007_2020_01_17T11_10_00_000Z_primary.mp4 at (2020-01-25 23:16:40,817)
[INFO] Saving Video: /afs/inf.ed.ac.uk/user/s16/s1645821/Desktop/segmentation_git/Segmentation/Information/Videos/segmented_videos/SCEE08007/Topic_1_SCEE08007_2020_01_17T11_10_00_000Z_primary.mp4 at (2020-01-25 23:23:28,545)
[INFO] Saving Video: /afs/inf.ed.ac.uk/user/s16/s1645821/Desktop/segmentation_git/Segmentation/Information/Videos/segmented_videos/SCEE08007/Topic_2_SCEE08007_2020_01_17T11_10_00_000Z_primary.mp4 at (2020-01-25 23:28:11,249)
[INFO] Creating Sub Clips... at (2020-01-25 23:28:11,249)
[INFO] clip_duration: 3011.29
times_array: [860, 2179, 3011] at (2020-01-25 23:28:11,497)
[INFO] Saving Video: /afs/inf.ed.ac.uk/user/s16/s1645821/Desktop/segmentation_git/Segmentation/Information/Videos/segmented_videos/SCEE08007/Topic_0_SCEE08007_2020_01_17T11_10_00_000Z_secondary.mp4 at (2020-01-25 23:32:03,971)
[INFO] Saving Video: /afs/inf.ed.ac.uk/user/s16/s1645821/Desktop/segmentation_git/Segmentation/Information/Videos/segmented_videos/SCEE08007/Topic_1_SCEE08007_2020_01_17T11_10_00_000Z_secondary.mp4 at (2020-01-25 23:37:39,114)
[INFO] Saving Video: /afs/inf.ed.ac.uk/user/s16/s1645821/Desktop/segmentation_git/Segmentation/Information/Videos/segmented_videos/SCEE08007/Topic_2_SCEE08007_2020_01_17T11_10_00_000Z_secondary.mp4 at (2020-01-25 23:41:11,504)
[INFO] 
Segmenting Video SCEE08007 with date and time: 2020-01-24T11.10.00.000Z primary at (2020-01-25 23:41:11,504)
[INFO] starting video file thread... at (2020-01-25 23:41:11,504)
[INFO] Reading Frames at (2020-01-25 23:41:11,505)
[INFO] started reading frames... at (2020-01-25 23:41:11,543)
[INFO] Initialising Extracting Data at (2020-01-25 23:41:13,261)
[INFO] Initiaiting shutdown on read thread at (2020-01-26 00:33:32,794)
[INFO] elasped time: 3146.59 at (2020-01-26 00:33:38,099)
[INFO] time taken: 3144.8304271698 at (2020-01-26 00:33:38,099)
[INFO] approx. FPS: 0.00 at (2020-01-26 00:33:38,099)
[INFO] 
Segmenting Video SCEE08007 with date and time: 2020-01-24T11.10.00.000Z secondary at (2020-01-26 00:33:38,100)
[INFO] starting video file thread... at (2020-01-26 00:33:38,101)
[INFO] Reading Frames at (2020-01-26 00:33:38,101)
[INFO] started reading frames... at (2020-01-26 00:33:38,135)
[INFO] Initialising Extracting Data at (2020-01-26 00:33:39,847)
[INFO] Initiaiting shutdown on read thread at (2020-01-26 01:28:07,494)
[INFO] elasped time: 3274.76 at (2020-01-26 01:28:12,857)
[INFO] time taken: 3273.004367351532 at (2020-01-26 01:28:12,858)
[INFO] approx. FPS: 0.00 at (2020-01-26 01:28:12,858)
[INFO] Final Time Stamp Dictionary: {15: 178, 14: 7338, 13: 5521, 12: 324, 16: 33546, 17: 35123, 18: 47809, 19: 48081, 20: 66728, 21: 82191} at (2020-01-26 01:28:12,859)
[INFO] Valid Dictionary: {15: 178, 16: 33546, 17: 35123, 18: 47809, 19: 48081, 20: 66728, 21: 82191} at (2020-01-26 01:28:12,860)
[INFO] Times Array: [5, 1119, 1171, 1594, 1604, 2226, 2741, 3035] at (2020-01-26 01:28:12,860)
[INFO] Time Array: [5, 1119, 1171, 1594, 1604, 2226, 2741, 3035] at (2020-01-26 01:28:12,860)
[INFO] Creating Sub Clips... at (2020-01-26 01:28:12,860)
[INFO] clip_duration: 3032.56
times_array: [5, 1119, 1171, 1594, 1604, 2226, 2741, 3032] at (2020-01-26 01:28:13,152)
[INFO] Saving Video: /afs/inf.ed.ac.uk/user/s16/s1645821/Desktop/segmentation_git/Segmentation/Information/Videos/segmented_videos/SCEE08007/Topic_0_SCEE08007_2020_01_24T11_10_00_000Z_primary.mp4 at (2020-01-26 01:28:16,068)
[INFO] Saving Video: /afs/inf.ed.ac.uk/user/s16/s1645821/Desktop/segmentation_git/Segmentation/Information/Videos/segmented_videos/SCEE08007/Topic_1_SCEE08007_2020_01_24T11_10_00_000Z_primary.mp4 at (2020-01-26 01:33:01,214)
[INFO] Saving Video: /afs/inf.ed.ac.uk/user/s16/s1645821/Desktop/segmentation_git/Segmentation/Information/Videos/segmented_videos/SCEE08007/Topic_2_SCEE08007_2020_01_24T11_10_00_000Z_primary.mp4 at (2020-01-26 01:33:14,890)
[INFO] Saving Video: /afs/inf.ed.ac.uk/user/s16/s1645821/Desktop/segmentation_git/Segmentation/Information/Videos/segmented_videos/SCEE08007/Topic_3_SCEE08007_2020_01_24T11_10_00_000Z_primary.mp4 at (2020-01-26 01:35:03,720)
[INFO] Saving Video: /afs/inf.ed.ac.uk/user/s16/s1645821/Desktop/segmentation_git/Segmentation/Information/Videos/segmented_videos/SCEE08007/Topic_4_SCEE08007_2020_01_24T11_10_00_000Z_primary.mp4 at (2020-01-26 01:35:06,677)
[INFO] Saving Video: /afs/inf.ed.ac.uk/user/s16/s1645821/Desktop/segmentation_git/Segmentation/Information/Videos/segmented_videos/SCEE08007/Topic_5_SCEE08007_2020_01_24T11_10_00_000Z_primary.mp4 at (2020-01-26 01:37:43,466)
[INFO] Saving Video: /afs/inf.ed.ac.uk/user/s16/s1645821/Desktop/segmentation_git/Segmentation/Information/Videos/segmented_videos/SCEE08007/Topic_6_SCEE08007_2020_01_24T11_10_00_000Z_primary.mp4 at (2020-01-26 01:39:53,988)
[INFO] Saving Video: /afs/inf.ed.ac.uk/user/s16/s1645821/Desktop/segmentation_git/Segmentation/Information/Videos/segmented_videos/SCEE08007/Topic_7_SCEE08007_2020_01_24T11_10_00_000Z_primary.mp4 at (2020-01-26 01:41:08,879)
[INFO] Creating Sub Clips... at (2020-01-26 01:41:08,879)
[INFO] clip_duration: 3032.56
times_array: [5, 1119, 1171, 1594, 1604, 2226, 2741, 3032] at (2020-01-26 01:41:09,141)
[INFO] Saving Video: /afs/inf.ed.ac.uk/user/s16/s1645821/Desktop/segmentation_git/Segmentation/Information/Videos/segmented_videos/SCEE08007/Topic_0_SCEE08007_2020_01_24T11_10_00_000Z_secondary.mp4 at (2020-01-26 01:41:12,316)
[INFO] Saving Video: /afs/inf.ed.ac.uk/user/s16/s1645821/Desktop/segmentation_git/Segmentation/Information/Videos/segmented_videos/SCEE08007/Topic_1_SCEE08007_2020_01_24T11_10_00_000Z_secondary.mp4 at (2020-01-26 01:48:32,683)
[INFO] Saving Video: /afs/inf.ed.ac.uk/user/s16/s1645821/Desktop/segmentation_git/Segmentation/Information/Videos/segmented_videos/SCEE08007/Topic_2_SCEE08007_2020_01_24T11_10_00_000Z_secondary.mp4 at (2020-01-26 01:48:53,147)
[INFO] Saving Video: /afs/inf.ed.ac.uk/user/s16/s1645821/Desktop/segmentation_git/Segmentation/Information/Videos/segmented_videos/SCEE08007/Topic_3_SCEE08007_2020_01_24T11_10_00_000Z_secondary.mp4 at (2020-01-26 01:51:38,872)
[INFO] Saving Video: /afs/inf.ed.ac.uk/user/s16/s1645821/Desktop/segmentation_git/Segmentation/Information/Videos/segmented_videos/SCEE08007/Topic_4_SCEE08007_2020_01_24T11_10_00_000Z_secondary.mp4 at (2020-01-26 01:51:43,259)
[INFO] Saving Video: /afs/inf.ed.ac.uk/user/s16/s1645821/Desktop/segmentation_git/Segmentation/Information/Videos/segmented_videos/SCEE08007/Topic_5_SCEE08007_2020_01_24T11_10_00_000Z_secondary.mp4 at (2020-01-26 01:55:11,726)
[INFO] Saving Video: /afs/inf.ed.ac.uk/user/s16/s1645821/Desktop/segmentation_git/Segmentation/Information/Videos/segmented_videos/SCEE08007/Topic_6_SCEE08007_2020_01_24T11_10_00_000Z_secondary.mp4 at (2020-01-26 01:58:03,328)
[INFO] Saving Video: /afs/inf.ed.ac.uk/user/s16/s1645821/Desktop/segmentation_git/Segmentation/Information/Videos/segmented_videos/SCEE08007/Topic_7_SCEE08007_2020_01_24T11_10_00_000Z_secondary.mp4 at (2020-01-26 01:59:46,071)
[INFO] ------------------------------
Beginning Segmentation at (2020-01-26 12:26:50,105)
[INFO] Lectures Downloaded! at (2020-01-26 12:26:50,112)
[INFO] 
Segmenting Video SCEE08007 with date and time: 2020-01-17T12:00Z secondary at (2020-01-26 12:26:50,112)
[INFO] starting video file thread... at (2020-01-26 12:26:50,113)
[INFO] Reading Frames at (2020-01-26 12:26:50,113)
[INFO] started reading frames... at (2020-01-26 12:26:50,795)
[INFO] Initialising Extracting Data at (2020-01-26 12:26:52,511)
[INFO] Initiaiting shutdown on read thread at (2020-01-26 12:38:50,462)
[INFO] elasped time: 725.02 at (2020-01-26 12:38:55,132)
[INFO] time taken: 722.6206698417664 at (2020-01-26 12:38:55,132)
[INFO] approx. FPS: 0.00 at (2020-01-26 12:38:55,132)
[INFO] Final Time Stamp Dictionary: {1: 18150, 2: 19380} at (2020-01-26 12:38:55,133)
[INFO] Valid Dictionary: {1: 18150, 2: 19380} at (2020-01-26 12:38:55,134)
[INFO] Times Array: [605, 646, 657] at (2020-01-26 12:38:55,137)
[INFO] Time Array: [605, 646, 657] at (2020-01-26 12:38:55,137)
[INFO] Creating Sub Clips... at (2020-01-26 12:38:55,137)
[INFO] ------------------------------
Beginning Segmentation at (2020-01-26 13:14:46,728)
[INFO] Lectures Downloaded! at (2020-01-26 13:14:46,729)
[INFO] 
Segmenting Video SCEE08007 with date and time: 2020-01-17T12:00Z secondary at (2020-01-26 13:14:46,729)
[INFO] starting video file thread... at (2020-01-26 13:14:46,729)
[INFO] Reading Frames at (2020-01-26 13:14:46,730)
[INFO] started reading frames... at (2020-01-26 13:14:46,753)
[INFO] Initialising Extracting Data at (2020-01-26 13:14:48,431)
[INFO] Key data (1) not in frame data dictionary, adding entry now... at (2020-01-26 13:23:24,119)
[INFO] Key data (2) not in frame data dictionary, adding entry now... at (2020-01-26 13:25:55,812)
[INFO] Initiaiting shutdown on read thread at (2020-01-26 13:26:07,045)
[INFO] elasped time: 684.71 at (2020-01-26 13:26:11,442)
[INFO] time taken: 682.9995536804199 at (2020-01-26 13:26:11,442)
[INFO] approx. FPS: 0.00 at (2020-01-26 13:26:11,442)
[INFO] ------------------------------
Beginning Segmentation at (2020-01-26 13:47:27,964)
[INFO] Lectures Downloaded! at (2020-01-26 13:47:27,965)
[INFO] 
Segmenting Video SCEE08007 with date and time: 2020-01-17T12:00Z secondary at (2020-01-26 13:47:27,966)
[INFO] starting video file thread... at (2020-01-26 13:47:27,966)
[INFO] Reading Frames at (2020-01-26 13:47:27,966)
[INFO] started reading frames... at (2020-01-26 13:47:27,989)
[INFO] Initialising Extracting Data at (2020-01-26 13:47:29,715)
[INFO] Key data (1) not in frame data dictionary, adding entry now... at (2020-01-26 13:59:36,183)
[INFO] Key data (2) not in frame data dictionary, adding entry now... at (2020-01-26 14:03:11,609)
[INFO] Initiaiting shutdown on read thread at (2020-01-26 14:03:27,143)
[INFO] elasped time: 964.76 at (2020-01-26 14:03:32,731)
[INFO] time taken: 963.0022249221802 at (2020-01-26 14:03:32,737)
[INFO] approx. FPS: 0.00 at (2020-01-26 14:03:32,744)
[INFO] Raw Frame Stamp Dictionaries: [{1: 18150, 2: 19380}] at (2020-01-26 14:03:32,745)
[INFO] Final Time Stamp Dictionary: {1: 18150, 2: 19380} at (2020-01-26 14:03:32,745)
[INFO] Valid Dictionary: {1: 18150, 2: 19380} at (2020-01-26 14:03:32,746)
[INFO] Times Array: [605, 646, 657] at (2020-01-26 14:03:32,746)
[INFO] Time Array: [605, 646, 657] at (2020-01-26 14:03:32,746)
[INFO] Creating Sub Clips... at (2020-01-26 14:03:32,746)
[INFO] ------------------------------
Beginning Segmentation at (2020-01-26 14:10:24,095)
[INFO] Lectures Downloaded! at (2020-01-26 14:10:24,095)
[INFO] 
Segmenting Video SCEE08007 with date and time: 2020-01-17T12:00Z secondary at (2020-01-26 14:10:24,095)
[INFO] starting video file thread... at (2020-01-26 14:10:24,096)
[INFO] Reading Frames at (2020-01-26 14:10:24,096)
[INFO] started reading frames... at (2020-01-26 14:10:24,123)
[INFO] Initialising Extracting Data at (2020-01-26 14:10:25,973)
[INFO] Key data (1) not in frame data dictionary, adding entry now... at (2020-01-26 14:21:53,847)
[INFO] Key data (2) not in frame data dictionary, adding entry now... at (2020-01-26 14:25:06,605)
[INFO] Initiaiting shutdown on read thread at (2020-01-26 14:25:21,552)
[INFO] elasped time: 903.43 at (2020-01-26 14:25:27,526)
[INFO] time taken: 901.535502910614 at (2020-01-26 14:25:27,526)
[INFO] approx. FPS: 0.00 at (2020-01-26 14:25:27,526)
[INFO] Raw Frame Stamp Dictionaries: [{1: 18150, 2: 19380}] at (2020-01-26 14:25:27,526)
[INFO] Final Time Stamp Dictionary: {1: 18150, 2: 19380} at (2020-01-26 14:25:27,527)
[INFO] Valid Dictionary: {1: 18150, 2: 19380} at (2020-01-26 14:25:27,527)
[INFO] Times Array: [605, 646, 657] at (2020-01-26 14:25:27,527)
[INFO] Time Array: [605, 646, 657] at (2020-01-26 14:25:27,527)
[INFO] Creating Sub Clips... at (2020-01-26 14:25:27,527)
[INFO] clip_duration: 657.43
times_array: [605, 646, 657] at (2020-01-26 14:25:28,257)
[INFO] ------------------------------
Beginning Segmentation at (2020-01-26 14:43:56,542)
[INFO] Lectures Downloaded! at (2020-01-26 14:43:56,542)
[INFO] 
Segmenting Video SCEE08007 with date and time: 2020-01-17T12:00Z secondary at (2020-01-26 14:43:56,542)
[INFO] starting video file thread... at (2020-01-26 14:43:56,542)
[INFO] Reading Frames at (2020-01-26 14:43:56,543)
[INFO] started reading frames... at (2020-01-26 14:43:56,555)
[INFO] Initialising Extracting Data at (2020-01-26 14:43:59,141)
[INFO] Initiaiting shutdown on read thread at (2020-01-26 14:44:14,628)
[INFO] elasped time: 26.28 at (2020-01-26 14:44:22,820)
[INFO] time taken: 23.67077374458313 at (2020-01-26 14:44:22,822)
[INFO] approx. FPS: 0.04 at (2020-01-26 14:44:22,822)
[INFO] Raw Frame Stamp Dictionaries: [{}] at (2020-01-26 14:44:22,825)
[INFO] Final Time Stamp Dictionary: {} at (2020-01-26 14:44:22,825)
[INFO] ------------------------------
Beginning Segmentation at (2020-01-26 14:50:10,686)
[INFO] Lectures Downloaded! at (2020-01-26 14:50:10,686)
[INFO] 
Segmenting Video SCEE08007 with date and time: 2020-01-17T12:00Z secondary at (2020-01-26 14:50:10,686)
[INFO] starting video file thread... at (2020-01-26 14:50:10,686)
[INFO] Reading Frames at (2020-01-26 14:50:10,687)
[INFO] started reading frames... at (2020-01-26 14:50:10,699)
[INFO] Initialising Extracting Data at (2020-01-26 14:50:12,840)
[INFO] Initiaiting shutdown on read thread at (2020-01-26 14:50:28,893)
[INFO] elasped time: 26.71 at (2020-01-26 14:50:37,394)
[INFO] time taken: 24.5416898727417 at (2020-01-26 14:50:37,395)
[INFO] approx. FPS: 0.04 at (2020-01-26 14:50:37,396)
[INFO] Raw Frame Stamp Dictionaries: [{}] at (2020-01-26 14:50:37,398)
[INFO] Final Time Stamp Dictionary: {} at (2020-01-26 14:50:37,398)
[INFO] Times Array: [13] at (2020-01-26 14:50:37,398)
[INFO] Time Array: [13] at (2020-01-26 14:50:37,398)
[INFO] Creating Sub Clips... at (2020-01-26 14:50:37,398)
[INFO] clip_duration: 13.85
times_array: [13] at (2020-01-26 14:50:37,599)
[INFO] ------------------------------
Beginning Segmentation at (2020-01-26 14:52:42,622)
[INFO] Lectures Downloaded! at (2020-01-26 14:52:42,622)
[INFO] 
Segmenting Video SCEE08007 with date and time: 2020-01-17T12:00Z secondary at (2020-01-26 14:52:42,622)
[INFO] starting video file thread... at (2020-01-26 14:52:42,623)
[INFO] Reading Frames at (2020-01-26 14:52:42,623)
[INFO] started reading frames... at (2020-01-26 14:52:42,637)
[INFO] Initialising Extracting Data at (2020-01-26 14:52:44,818)
[INFO] Initiaiting shutdown on read thread at (2020-01-26 14:53:01,229)
[INFO] elasped time: 27.32 at (2020-01-26 14:53:09,943)
[INFO] time taken: 25.112639904022217 at (2020-01-26 14:53:09,944)
[INFO] approx. FPS: 0.04 at (2020-01-26 14:53:09,946)
[INFO] Raw Frame Stamp Dictionaries: [{}] at (2020-01-26 14:53:09,947)
[INFO] Final Time Stamp Dictionary: {} at (2020-01-26 14:53:09,947)
[INFO] Times Array: [13] at (2020-01-26 14:53:09,948)
[INFO] Time Array: [13] at (2020-01-26 14:53:09,949)
[INFO] Creating Sub Clips... at (2020-01-26 14:53:09,950)
[INFO] clip_duration: 13.85
times_array: [13] at (2020-01-26 14:53:10,162)
[INFO] Saving segmented videos at (2020-01-26 14:53:10,162)
[INFO] ------------------------------
Beginning Segmentation at (2020-01-26 14:56:19,595)
[INFO] Lectures Downloaded! at (2020-01-26 14:56:19,595)
[INFO] 
Segmenting Video SCEE08007 with date and time: 2020-01-17T12:00Z secondary at (2020-01-26 14:56:19,595)
[INFO] starting video file thread... at (2020-01-26 14:56:19,596)
[INFO] Reading Frames at (2020-01-26 14:56:19,596)
[INFO] started reading frames... at (2020-01-26 14:56:19,608)
[INFO] Initialising Extracting Data at (2020-01-26 14:56:21,889)
[INFO] Initiaiting shutdown on read thread at (2020-01-26 14:56:40,654)
[INFO] elasped time: 29.81 at (2020-01-26 14:56:49,409)
[INFO] time taken: 27.517128705978394 at (2020-01-26 14:56:49,410)
[INFO] approx. FPS: 0.03 at (2020-01-26 14:56:49,410)
[INFO] Raw Frame Stamp Dictionaries: [{}] at (2020-01-26 14:56:49,411)
[INFO] Final Time Stamp Dictionary: {} at (2020-01-26 14:56:49,411)
[INFO] Times Array: [13] at (2020-01-26 14:56:49,411)
[INFO] Time Array: [13] at (2020-01-26 14:56:49,411)
[INFO] Creating Sub Clips... at (2020-01-26 14:56:49,411)
[INFO] clip_duration: 13.85
times_array: [13] at (2020-01-26 14:56:49,625)
[INFO] Saving segmented videos at (2020-01-26 14:56:49,626)
[INFO] Creating Directory: /afs/inf.ed.ac.uk/user/s16/s1645821/Desktop/segmentation_git/Segmentation/Information/Videos/segmented_videos/SCEE08007/2019-2020/2020-01-17T12:00Z at (2020-01-26 14:56:49,626)
[INFO] Saving Video: /afs/inf.ed.ac.uk/user/s16/s1645821/Desktop/segmentation_git/Segmentation/Information/Videos/segmented_videos/SCEE08007/2019-2020/2020-01-17T12:00Z/Topic_0.mp4 at (2020-01-26 14:56:59,222)
[INFO] Creating Sub Clips... at (2020-01-26 14:56:59,223)
[INFO] ------------------------------
Beginning Segmentation at (2020-01-26 15:02:31,013)
[INFO] Lectures Downloaded! at (2020-01-26 15:02:31,013)
[INFO] 
Segmenting Video SCEE08007 with date and time: 2020-01-17T12:00Z secondary at (2020-01-26 15:02:31,013)
[INFO] starting video file thread... at (2020-01-26 15:02:31,014)
[INFO] Reading Frames at (2020-01-26 15:02:31,014)
[INFO] started reading frames... at (2020-01-26 15:02:31,046)
[INFO] Initialising Extracting Data at (2020-01-26 15:02:32,899)
[INFO] Key data (1) not in frame data dictionary, adding entry now... at (2020-01-26 15:12:57,709)
[INFO] Key data (2) not in frame data dictionary, adding entry now... at (2020-01-26 15:15:32,772)
[INFO] Initiaiting shutdown on read thread at (2020-01-26 15:15:43,973)
[INFO] elasped time: 797.54 at (2020-01-26 15:15:48,558)
[INFO] time taken: 795.6453063488007 at (2020-01-26 15:15:48,581)
[INFO] approx. FPS: 0.00 at (2020-01-26 15:15:48,582)
[INFO] Raw Frame Stamp Dictionaries: [{1: 18150, 2: 19380}] at (2020-01-26 15:15:48,583)
[INFO] Final Time Stamp Dictionary: {1: 18150, 2: 19380} at (2020-01-26 15:15:48,584)
[INFO] Valid Dictionary: {1: 18150, 2: 19380} at (2020-01-26 15:15:48,586)
[INFO] Times Array: [605, 646, 657] at (2020-01-26 15:15:48,588)
[INFO] Time Array: [605, 646, 657] at (2020-01-26 15:15:48,588)
[INFO] Creating Sub Clips... at (2020-01-26 15:15:48,588)
[INFO] clip_duration: 657.43
times_array: [605, 646, 657] at (2020-01-26 15:15:48,823)
[INFO] Saving segmented videos at (2020-01-26 15:15:49,020)
[INFO] Saving Video: /afs/inf.ed.ac.uk/user/s16/s1645821/Desktop/segmentation_git/Segmentation/Information/Videos/segmented_videos/SCEE08007/2019-2020/2020-01-17T12:00Z/Topic_0.mp4 at (2020-01-26 15:18:21,091)
[INFO] Saving segmented videos at (2020-01-26 15:18:21,091)
[INFO] Saving Video: /afs/inf.ed.ac.uk/user/s16/s1645821/Desktop/segmentation_git/Segmentation/Information/Videos/segmented_videos/SCEE08007/2019-2020/2020-01-17T12:00Z/Topic_1.mp4 at (2020-01-26 15:18:31,261)
[INFO] Saving segmented videos at (2020-01-26 15:18:31,261)
[INFO] Saving Video: /afs/inf.ed.ac.uk/user/s16/s1645821/Desktop/segmentation_git/Segmentation/Information/Videos/segmented_videos/SCEE08007/2019-2020/2020-01-17T12:00Z/Topic_2.mp4 at (2020-01-26 15:18:34,051)
[INFO] Creating Sub Clips... at (2020-01-26 15:18:34,051)
